2025-05-13T15:38:36.204+08:00  INFO 10160 --- [Observ] [main] com.example.demo.ObservApplication       : Starting ObservApplication using Java 21.0.6 with PID 10160 (E:\Java05\Java\Java_basic\WorkSpace\Observ\target\classes started by NTPU in E:\Java05\Java\Java_basic\WorkSpace\Observ)
2025-05-13T15:38:36.206+08:00  INFO 10160 --- [Observ] [main] com.example.demo.ObservApplication       : No active profile set, falling back to 1 default profile: "default"
2025-05-13T15:38:36.545+08:00  INFO 10160 --- [Observ] [main] .s.d.r.c.RepositoryConfigurationDelegate : Bootstrapping Spring Data JDBC repositories in DEFAULT mode.
2025-05-13T15:38:36.559+08:00  INFO 10160 --- [Observ] [main] .s.d.r.c.RepositoryConfigurationDelegate : Finished Spring Data repository scanning in 10 ms. Found 0 JDBC repository interfaces.
2025-05-13T15:38:36.786+08:00  INFO 10160 --- [Observ] [main] o.s.b.w.embedded.tomcat.TomcatWebServer  : Tomcat initialized with port 8080 (http)
2025-05-13T15:38:36.796+08:00  INFO 10160 --- [Observ] [main] o.apache.catalina.core.StandardService   : Starting service [Tomcat]
2025-05-13T15:38:36.796+08:00  INFO 10160 --- [Observ] [main] o.apache.catalina.core.StandardEngine    : Starting Servlet engine: [Apache Tomcat/10.1.40]
2025-05-13T15:38:36.900+08:00  INFO 10160 --- [Observ] [main] org.apache.jasper.servlet.TldScanner     : At least one JAR was scanned for TLDs yet contained no TLDs. Enable debug logging for this logger for a complete list of JARs that were scanned but no TLDs were found in them. Skipping unneeded JARs during scanning can improve startup time and JSP compilation time.
2025-05-13T15:38:36.904+08:00  INFO 10160 --- [Observ] [main] o.a.c.c.C.[Tomcat].[localhost].[/]       : Initializing Spring embedded WebApplicationContext
2025-05-13T15:38:36.904+08:00  INFO 10160 --- [Observ] [main] w.s.c.ServletWebServerApplicationContext : Root WebApplicationContext: initialization completed in 676 ms
2025-05-13T15:38:37.129+08:00  INFO 10160 --- [Observ] [main] com.zaxxer.hikari.HikariDataSource       : HikariPool-1 - Starting...
2025-05-13T15:38:37.228+08:00  INFO 10160 --- [Observ] [main] com.zaxxer.hikari.pool.HikariPool        : HikariPool-1 - Added connection com.mysql.cj.jdbc.ConnectionImpl@391d1e33
2025-05-13T15:38:37.229+08:00  INFO 10160 --- [Observ] [main] com.zaxxer.hikari.HikariDataSource       : HikariPool-1 - Start completed.
2025-05-13T15:38:37.333+08:00  INFO 10160 --- [Observ] [main] o.s.b.w.embedded.tomcat.TomcatWebServer  : Tomcat started on port 8080 (http) with context path '/'
2025-05-13T15:38:37.337+08:00  INFO 10160 --- [Observ] [main] com.example.demo.ObservApplication       : Started ObservApplication in 1.369 seconds (process running for 1.726)
2025-05-13T15:38:44.175+08:00  INFO 10160 --- [Observ] [http-nio-8080-exec-1] o.a.c.c.C.[Tomcat].[localhost].[/]       : Initializing Spring DispatcherServlet 'dispatcherServlet'
2025-05-13T15:38:44.175+08:00  INFO 10160 --- [Observ] [http-nio-8080-exec-1] o.s.web.servlet.DispatcherServlet        : Initializing Servlet 'dispatcherServlet'
2025-05-13T15:38:44.176+08:00  INFO 10160 --- [Observ] [http-nio-8080-exec-1] o.s.web.servlet.DispatcherServlet        : Completed initialization in 1 ms
2025-05-13T15:43:02.285+08:00  INFO 10160 --- [Observ] [RMI TCP Connection(14)-127.0.0.1] inMXBeanRegistrar$SpringApplicationAdmin : Application shutdown requested.
2025-05-13T15:43:02.287+08:00  INFO 10160 --- [Observ] [RMI TCP Connection(14)-127.0.0.1] o.s.b.w.e.tomcat.GracefulShutdown        : Commencing graceful shutdown. Waiting for active requests to complete
2025-05-13T15:43:02.289+08:00  INFO 10160 --- [Observ] [tomcat-shutdown] o.s.b.w.e.tomcat.GracefulShutdown        : Graceful shutdown complete
2025-05-13T15:43:02.290+08:00  INFO 10160 --- [Observ] [RMI TCP Connection(14)-127.0.0.1] com.zaxxer.hikari.HikariDataSource       : HikariPool-1 - Shutdown initiated...
2025-05-13T15:43:02.294+08:00  INFO 10160 --- [Observ] [RMI TCP Connection(14)-127.0.0.1] com.zaxxer.hikari.HikariDataSource       : HikariPool-1 - Shutdown completed.
2025-05-13T15:43:03.280+08:00  INFO 14080 --- [Observ] [main] com.example.demo.ObservApplication       : Starting ObservApplication using Java 21.0.6 with PID 14080 (E:\Java05\Java\Java_basic\WorkSpace\Observ\target\classes started by NTPU in E:\Java05\Java\Java_basic\WorkSpace\Observ)
2025-05-13T15:43:03.281+08:00  INFO 14080 --- [Observ] [main] com.example.demo.ObservApplication       : No active profile set, falling back to 1 default profile: "default"
2025-05-13T15:43:03.554+08:00  INFO 14080 --- [Observ] [main] .s.d.r.c.RepositoryConfigurationDelegate : Bootstrapping Spring Data JDBC repositories in DEFAULT mode.
2025-05-13T15:43:03.566+08:00  INFO 14080 --- [Observ] [main] .s.d.r.c.RepositoryConfigurationDelegate : Finished Spring Data repository scanning in 8 ms. Found 0 JDBC repository interfaces.
2025-05-13T15:43:03.756+08:00  INFO 14080 --- [Observ] [main] o.s.b.w.embedded.tomcat.TomcatWebServer  : Tomcat initialized with port 8080 (http)
2025-05-13T15:43:03.764+08:00  INFO 14080 --- [Observ] [main] o.apache.catalina.core.StandardService   : Starting service [Tomcat]
2025-05-13T15:43:03.764+08:00  INFO 14080 --- [Observ] [main] o.apache.catalina.core.StandardEngine    : Starting Servlet engine: [Apache Tomcat/10.1.40]
2025-05-13T15:43:03.859+08:00  INFO 14080 --- [Observ] [main] org.apache.jasper.servlet.TldScanner     : At least one JAR was scanned for TLDs yet contained no TLDs. Enable debug logging for this logger for a complete list of JARs that were scanned but no TLDs were found in them. Skipping unneeded JARs during scanning can improve startup time and JSP compilation time.
2025-05-13T15:43:03.863+08:00  INFO 14080 --- [Observ] [main] o.a.c.c.C.[Tomcat].[localhost].[/]       : Initializing Spring embedded WebApplicationContext
2025-05-13T15:43:03.863+08:00  INFO 14080 --- [Observ] [main] w.s.c.ServletWebServerApplicationContext : Root WebApplicationContext: initialization completed in 561 ms
2025-05-13T15:43:04.062+08:00  INFO 14080 --- [Observ] [main] com.zaxxer.hikari.HikariDataSource       : HikariPool-1 - Starting...
2025-05-13T15:43:04.149+08:00  INFO 14080 --- [Observ] [main] com.zaxxer.hikari.pool.HikariPool        : HikariPool-1 - Added connection com.mysql.cj.jdbc.ConnectionImpl@3e5beab5
2025-05-13T15:43:04.150+08:00  INFO 14080 --- [Observ] [main] com.zaxxer.hikari.HikariDataSource       : HikariPool-1 - Start completed.
2025-05-13T15:43:04.233+08:00  INFO 14080 --- [Observ] [main] o.s.b.w.embedded.tomcat.TomcatWebServer  : Tomcat started on port 8080 (http) with context path '/'
2025-05-13T15:43:04.237+08:00  INFO 14080 --- [Observ] [main] com.example.demo.ObservApplication       : Started ObservApplication in 1.155 seconds (process running for 1.438)
2025-05-13T15:43:10.731+08:00  INFO 14080 --- [Observ] [http-nio-8080-exec-1] o.a.c.c.C.[Tomcat].[localhost].[/]       : Initializing Spring DispatcherServlet 'dispatcherServlet'
2025-05-13T15:43:10.732+08:00  INFO 14080 --- [Observ] [http-nio-8080-exec-1] o.s.web.servlet.DispatcherServlet        : Initializing Servlet 'dispatcherServlet'
2025-05-13T15:43:10.732+08:00  INFO 14080 --- [Observ] [http-nio-8080-exec-1] o.s.web.servlet.DispatcherServlet        : Completed initialization in 0 ms
2025-05-13T15:48:35.318+08:00  INFO 14080 --- [Observ] [RMI TCP Connection(16)-127.0.0.1] inMXBeanRegistrar$SpringApplicationAdmin : Application shutdown requested.
2025-05-13T15:48:35.320+08:00  INFO 14080 --- [Observ] [RMI TCP Connection(16)-127.0.0.1] o.s.b.w.e.tomcat.GracefulShutdown        : Commencing graceful shutdown. Waiting for active requests to complete
2025-05-13T15:48:35.322+08:00  INFO 14080 --- [Observ] [tomcat-shutdown] o.s.b.w.e.tomcat.GracefulShutdown        : Graceful shutdown complete
2025-05-13T15:48:35.323+08:00  INFO 14080 --- [Observ] [RMI TCP Connection(16)-127.0.0.1] com.zaxxer.hikari.HikariDataSource       : HikariPool-1 - Shutdown initiated...
2025-05-13T15:48:35.327+08:00  INFO 14080 --- [Observ] [RMI TCP Connection(16)-127.0.0.1] com.zaxxer.hikari.HikariDataSource       : HikariPool-1 - Shutdown completed.
2025-05-13T15:48:36.482+08:00  INFO 13520 --- [Observ] [main] com.example.demo.ObservApplication       : Starting ObservApplication using Java 21.0.6 with PID 13520 (E:\Java05\Java\Java_basic\WorkSpace\Observ\target\classes started by NTPU in E:\Java05\Java\Java_basic\WorkSpace\Observ)
2025-05-13T15:48:36.483+08:00  INFO 13520 --- [Observ] [main] com.example.demo.ObservApplication       : No active profile set, falling back to 1 default profile: "default"
2025-05-13T15:48:36.751+08:00  INFO 13520 --- [Observ] [main] .s.d.r.c.RepositoryConfigurationDelegate : Bootstrapping Spring Data JDBC repositories in DEFAULT mode.
2025-05-13T15:48:36.763+08:00  INFO 13520 --- [Observ] [main] .s.d.r.c.RepositoryConfigurationDelegate : Finished Spring Data repository scanning in 9 ms. Found 0 JDBC repository interfaces.
2025-05-13T15:48:36.953+08:00  INFO 13520 --- [Observ] [main] o.s.b.w.embedded.tomcat.TomcatWebServer  : Tomcat initialized with port 8080 (http)
2025-05-13T15:48:36.962+08:00  INFO 13520 --- [Observ] [main] o.apache.catalina.core.StandardService   : Starting service [Tomcat]
2025-05-13T15:48:36.963+08:00  INFO 13520 --- [Observ] [main] o.apache.catalina.core.StandardEngine    : Starting Servlet engine: [Apache Tomcat/10.1.40]
2025-05-13T15:48:37.058+08:00  INFO 13520 --- [Observ] [main] org.apache.jasper.servlet.TldScanner     : At least one JAR was scanned for TLDs yet contained no TLDs. Enable debug logging for this logger for a complete list of JARs that were scanned but no TLDs were found in them. Skipping unneeded JARs during scanning can improve startup time and JSP compilation time.
2025-05-13T15:48:37.062+08:00  INFO 13520 --- [Observ] [main] o.a.c.c.C.[Tomcat].[localhost].[/]       : Initializing Spring embedded WebApplicationContext
2025-05-13T15:48:37.062+08:00  INFO 13520 --- [Observ] [main] w.s.c.ServletWebServerApplicationContext : Root WebApplicationContext: initialization completed in 559 ms
2025-05-13T15:48:37.112+08:00  INFO 13520 --- [Observ] [main] o.s.b.a.w.s.WelcomePageHandlerMapping    : Adding welcome page: class path resource [static/index.html]
2025-05-13T15:48:37.259+08:00  INFO 13520 --- [Observ] [main] com.zaxxer.hikari.HikariDataSource       : HikariPool-1 - Starting...
2025-05-13T15:48:37.344+08:00  INFO 13520 --- [Observ] [main] com.zaxxer.hikari.pool.HikariPool        : HikariPool-1 - Added connection com.mysql.cj.jdbc.ConnectionImpl@1bd8afc8
2025-05-13T15:48:37.345+08:00  INFO 13520 --- [Observ] [main] com.zaxxer.hikari.HikariDataSource       : HikariPool-1 - Start completed.
2025-05-13T15:48:37.428+08:00  INFO 13520 --- [Observ] [main] o.s.b.w.embedded.tomcat.TomcatWebServer  : Tomcat started on port 8080 (http) with context path '/'
2025-05-13T15:48:37.431+08:00  INFO 13520 --- [Observ] [main] com.example.demo.ObservApplication       : Started ObservApplication in 1.147 seconds (process running for 1.427)
2025-05-13T15:48:53.109+08:00  INFO 13520 --- [Observ] [http-nio-8080-exec-1] o.a.c.c.C.[Tomcat].[localhost].[/]       : Initializing Spring DispatcherServlet 'dispatcherServlet'
2025-05-13T15:48:53.109+08:00  INFO 13520 --- [Observ] [http-nio-8080-exec-1] o.s.web.servlet.DispatcherServlet        : Initializing Servlet 'dispatcherServlet'
2025-05-13T15:48:53.110+08:00  INFO 13520 --- [Observ] [http-nio-8080-exec-1] o.s.web.servlet.DispatcherServlet        : Completed initialization in 1 ms
2025-05-13T15:54:39.105+08:00  INFO 13520 --- [Observ] [RMI TCP Connection(14)-127.0.0.1] inMXBeanRegistrar$SpringApplicationAdmin : Application shutdown requested.
2025-05-13T15:54:39.106+08:00  INFO 13520 --- [Observ] [RMI TCP Connection(14)-127.0.0.1] o.s.b.w.e.tomcat.GracefulShutdown        : Commencing graceful shutdown. Waiting for active requests to complete
2025-05-13T15:54:39.109+08:00  INFO 13520 --- [Observ] [tomcat-shutdown] o.s.b.w.e.tomcat.GracefulShutdown        : Graceful shutdown complete
2025-05-13T15:54:39.110+08:00  INFO 13520 --- [Observ] [RMI TCP Connection(14)-127.0.0.1] com.zaxxer.hikari.HikariDataSource       : HikariPool-1 - Shutdown initiated...
2025-05-13T15:54:39.114+08:00  INFO 13520 --- [Observ] [RMI TCP Connection(14)-127.0.0.1] com.zaxxer.hikari.HikariDataSource       : HikariPool-1 - Shutdown completed.
2025-05-13T15:54:40.322+08:00  INFO 12712 --- [Observ] [main] com.example.demo.ObservApplication       : Starting ObservApplication using Java 21.0.6 with PID 12712 (E:\Java05\Java\Java_basic\WorkSpace\Observ\target\classes started by NTPU in E:\Java05\Java\Java_basic\WorkSpace\Observ)
2025-05-13T15:54:40.323+08:00  INFO 12712 --- [Observ] [main] com.example.demo.ObservApplication       : No active profile set, falling back to 1 default profile: "default"
2025-05-13T15:54:40.595+08:00  INFO 12712 --- [Observ] [main] .s.d.r.c.RepositoryConfigurationDelegate : Bootstrapping Spring Data JDBC repositories in DEFAULT mode.
2025-05-13T15:54:40.607+08:00  INFO 12712 --- [Observ] [main] .s.d.r.c.RepositoryConfigurationDelegate : Finished Spring Data repository scanning in 8 ms. Found 0 JDBC repository interfaces.
2025-05-13T15:54:40.794+08:00  INFO 12712 --- [Observ] [main] o.s.b.w.embedded.tomcat.TomcatWebServer  : Tomcat initialized with port 8080 (http)
2025-05-13T15:54:40.803+08:00  INFO 12712 --- [Observ] [main] o.apache.catalina.core.StandardService   : Starting service [Tomcat]
2025-05-13T15:54:40.803+08:00  INFO 12712 --- [Observ] [main] o.apache.catalina.core.StandardEngine    : Starting Servlet engine: [Apache Tomcat/10.1.40]
2025-05-13T15:54:40.897+08:00  INFO 12712 --- [Observ] [main] org.apache.jasper.servlet.TldScanner     : At least one JAR was scanned for TLDs yet contained no TLDs. Enable debug logging for this logger for a complete list of JARs that were scanned but no TLDs were found in them. Skipping unneeded JARs during scanning can improve startup time and JSP compilation time.
2025-05-13T15:54:40.901+08:00  INFO 12712 --- [Observ] [main] o.a.c.c.C.[Tomcat].[localhost].[/]       : Initializing Spring embedded WebApplicationContext
2025-05-13T15:54:40.901+08:00  INFO 12712 --- [Observ] [main] w.s.c.ServletWebServerApplicationContext : Root WebApplicationContext: initialization completed in 556 ms
2025-05-13T15:54:40.952+08:00  INFO 12712 --- [Observ] [main] o.s.b.a.w.s.WelcomePageHandlerMapping    : Adding welcome page: class path resource [static/index.html]
2025-05-13T15:54:41.098+08:00  INFO 12712 --- [Observ] [main] com.zaxxer.hikari.HikariDataSource       : HikariPool-1 - Starting...
2025-05-13T15:54:41.183+08:00  INFO 12712 --- [Observ] [main] com.zaxxer.hikari.pool.HikariPool        : HikariPool-1 - Added connection com.mysql.cj.jdbc.ConnectionImpl@42c0a16e
2025-05-13T15:54:41.184+08:00  INFO 12712 --- [Observ] [main] com.zaxxer.hikari.HikariDataSource       : HikariPool-1 - Start completed.
2025-05-13T15:54:41.266+08:00  INFO 12712 --- [Observ] [main] o.s.b.w.embedded.tomcat.TomcatWebServer  : Tomcat started on port 8080 (http) with context path '/'
2025-05-13T15:54:41.269+08:00  INFO 12712 --- [Observ] [main] com.example.demo.ObservApplication       : Started ObservApplication in 1.15 seconds (process running for 1.456)
2025-05-13T15:54:52.918+08:00  INFO 12712 --- [Observ] [http-nio-8080-exec-1] o.a.c.c.C.[Tomcat].[localhost].[/]       : Initializing Spring DispatcherServlet 'dispatcherServlet'
2025-05-13T15:54:52.919+08:00  INFO 12712 --- [Observ] [http-nio-8080-exec-1] o.s.web.servlet.DispatcherServlet        : Initializing Servlet 'dispatcherServlet'
2025-05-13T15:54:52.919+08:00  INFO 12712 --- [Observ] [http-nio-8080-exec-1] o.s.web.servlet.DispatcherServlet        : Completed initialization in 0 ms
2025-05-13T16:24:34.290+08:00  INFO 12712 --- [Observ] [RMI TCP Connection(40)-127.0.0.1] inMXBeanRegistrar$SpringApplicationAdmin : Application shutdown requested.
2025-05-13T16:24:34.292+08:00  INFO 12712 --- [Observ] [RMI TCP Connection(40)-127.0.0.1] o.s.b.w.e.tomcat.GracefulShutdown        : Commencing graceful shutdown. Waiting for active requests to complete
2025-05-13T16:24:34.294+08:00  INFO 12712 --- [Observ] [tomcat-shutdown] o.s.b.w.e.tomcat.GracefulShutdown        : Graceful shutdown complete
2025-05-13T16:24:34.295+08:00  INFO 12712 --- [Observ] [RMI TCP Connection(40)-127.0.0.1] com.zaxxer.hikari.HikariDataSource       : HikariPool-1 - Shutdown initiated...
2025-05-13T16:24:34.296+08:00  INFO 12712 --- [Observ] [RMI TCP Connection(40)-127.0.0.1] com.zaxxer.hikari.HikariDataSource       : HikariPool-1 - Shutdown completed.
2025-05-13T16:24:35.462+08:00  INFO 10876 --- [springboot-mvc] [main] com.example.demo.ObservApplication       : Starting ObservApplication using Java 21.0.6 with PID 10876 (E:\Java05\Java\Java_basic\WorkSpace\Observ\target\classes started by NTPU in E:\Java05\Java\Java_basic\WorkSpace\Observ)
2025-05-13T16:24:35.463+08:00  INFO 10876 --- [springboot-mvc] [main] com.example.demo.ObservApplication       : No active profile set, falling back to 1 default profile: "default"
2025-05-13T16:24:35.730+08:00  INFO 10876 --- [springboot-mvc] [main] .s.d.r.c.RepositoryConfigurationDelegate : Bootstrapping Spring Data JDBC repositories in DEFAULT mode.
2025-05-13T16:24:35.742+08:00  INFO 10876 --- [springboot-mvc] [main] .s.d.r.c.RepositoryConfigurationDelegate : Finished Spring Data repository scanning in 8 ms. Found 0 JDBC repository interfaces.
2025-05-13T16:24:35.928+08:00  INFO 10876 --- [springboot-mvc] [main] o.s.b.w.embedded.tomcat.TomcatWebServer  : Tomcat initialized with port 8080 (http)
2025-05-13T16:24:35.936+08:00  INFO 10876 --- [springboot-mvc] [main] o.apache.catalina.core.StandardService   : Starting service [Tomcat]
2025-05-13T16:24:35.936+08:00  INFO 10876 --- [springboot-mvc] [main] o.apache.catalina.core.StandardEngine    : Starting Servlet engine: [Apache Tomcat/10.1.40]
2025-05-13T16:24:36.030+08:00  INFO 10876 --- [springboot-mvc] [main] org.apache.jasper.servlet.TldScanner     : At least one JAR was scanned for TLDs yet contained no TLDs. Enable debug logging for this logger for a complete list of JARs that were scanned but no TLDs were found in them. Skipping unneeded JARs during scanning can improve startup time and JSP compilation time.
2025-05-13T16:24:36.034+08:00  INFO 10876 --- [springboot-mvc] [main] o.a.c.c.C.[Tomcat].[localhost].[/]       : Initializing Spring embedded WebApplicationContext
2025-05-13T16:24:36.034+08:00  INFO 10876 --- [springboot-mvc] [main] w.s.c.ServletWebServerApplicationContext : Root WebApplicationContext: initialization completed in 551 ms
2025-05-13T16:24:36.084+08:00  INFO 10876 --- [springboot-mvc] [main] o.s.b.a.w.s.WelcomePageHandlerMapping    : Adding welcome page: class path resource [static/index.html]
2025-05-13T16:24:36.229+08:00  INFO 10876 --- [springboot-mvc] [main] com.zaxxer.hikari.HikariDataSource       : HikariPool-1 - Starting...
2025-05-13T16:24:36.313+08:00  INFO 10876 --- [springboot-mvc] [main] com.zaxxer.hikari.pool.HikariPool        : HikariPool-1 - Added connection com.mysql.cj.jdbc.ConnectionImpl@3e5beab5
2025-05-13T16:24:36.314+08:00  INFO 10876 --- [springboot-mvc] [main] com.zaxxer.hikari.HikariDataSource       : HikariPool-1 - Start completed.
2025-05-13T16:24:36.395+08:00  INFO 10876 --- [springboot-mvc] [main] o.s.b.w.embedded.tomcat.TomcatWebServer  : Tomcat started on port 8080 (http) with context path '/'
2025-05-13T16:24:36.399+08:00  INFO 10876 --- [springboot-mvc] [main] com.example.demo.ObservApplication       : Started ObservApplication in 1.135 seconds (process running for 1.413)
2025-05-13T16:24:53.396+08:00  INFO 10876 --- [springboot-mvc] [http-nio-8080-exec-1] o.a.c.c.C.[Tomcat].[localhost].[/]       : Initializing Spring DispatcherServlet 'dispatcherServlet'
2025-05-13T16:24:53.397+08:00  INFO 10876 --- [springboot-mvc] [http-nio-8080-exec-1] o.s.web.servlet.DispatcherServlet        : Initializing Servlet 'dispatcherServlet'
2025-05-13T16:24:53.397+08:00  INFO 10876 --- [springboot-mvc] [http-nio-8080-exec-1] o.s.web.servlet.DispatcherServlet        : Completed initialization in 0 ms
2025-05-13T16:25:10.067+08:00  WARN 10876 --- [springboot-mvc] [http-nio-8080-exec-3] .w.s.m.s.DefaultHandlerExceptionResolver : Resolved [org.springframework.web.bind.MissingServletRequestParameterException: Required request parameter 'q' for method parameter type String is not present]
2025-05-13T16:27:28.206+08:00  INFO 10876 --- [springboot-mvc] [RMI TCP Connection(12)-127.0.0.1] inMXBeanRegistrar$SpringApplicationAdmin : Application shutdown requested.
2025-05-13T16:27:28.207+08:00  INFO 10876 --- [springboot-mvc] [RMI TCP Connection(12)-127.0.0.1] o.s.b.w.e.tomcat.GracefulShutdown        : Commencing graceful shutdown. Waiting for active requests to complete
2025-05-13T16:27:28.209+08:00  INFO 10876 --- [springboot-mvc] [tomcat-shutdown] o.s.b.w.e.tomcat.GracefulShutdown        : Graceful shutdown complete
2025-05-13T16:27:28.210+08:00  INFO 10876 --- [springboot-mvc] [RMI TCP Connection(12)-127.0.0.1] com.zaxxer.hikari.HikariDataSource       : HikariPool-1 - Shutdown initiated...
2025-05-13T16:27:28.214+08:00  INFO 10876 --- [springboot-mvc] [RMI TCP Connection(12)-127.0.0.1] com.zaxxer.hikari.HikariDataSource       : HikariPool-1 - Shutdown completed.
2025-05-13T16:27:29.376+08:00  INFO 3468 --- [springboot-mvc] [main] com.example.demo.ObservApplication       : Starting ObservApplication using Java 21.0.6 with PID 3468 (E:\Java05\Java\Java_basic\WorkSpace\Observ\target\classes started by NTPU in E:\Java05\Java\Java_basic\WorkSpace\Observ)
2025-05-13T16:27:29.377+08:00  INFO 3468 --- [springboot-mvc] [main] com.example.demo.ObservApplication       : No active profile set, falling back to 1 default profile: "default"
2025-05-13T16:27:29.646+08:00  INFO 3468 --- [springboot-mvc] [main] .s.d.r.c.RepositoryConfigurationDelegate : Bootstrapping Spring Data JDBC repositories in DEFAULT mode.
2025-05-13T16:27:29.658+08:00  INFO 3468 --- [springboot-mvc] [main] .s.d.r.c.RepositoryConfigurationDelegate : Finished Spring Data repository scanning in 8 ms. Found 0 JDBC repository interfaces.
2025-05-13T16:27:29.846+08:00  INFO 3468 --- [springboot-mvc] [main] o.s.b.w.embedded.tomcat.TomcatWebServer  : Tomcat initialized with port 8080 (http)
2025-05-13T16:27:29.855+08:00  INFO 3468 --- [springboot-mvc] [main] o.apache.catalina.core.StandardService   : Starting service [Tomcat]
2025-05-13T16:27:29.855+08:00  INFO 3468 --- [springboot-mvc] [main] o.apache.catalina.core.StandardEngine    : Starting Servlet engine: [Apache Tomcat/10.1.40]
2025-05-13T16:27:29.949+08:00  INFO 3468 --- [springboot-mvc] [main] org.apache.jasper.servlet.TldScanner     : At least one JAR was scanned for TLDs yet contained no TLDs. Enable debug logging for this logger for a complete list of JARs that were scanned but no TLDs were found in them. Skipping unneeded JARs during scanning can improve startup time and JSP compilation time.
2025-05-13T16:27:29.952+08:00  INFO 3468 --- [springboot-mvc] [main] o.a.c.c.C.[Tomcat].[localhost].[/]       : Initializing Spring embedded WebApplicationContext
2025-05-13T16:27:29.952+08:00  INFO 3468 --- [springboot-mvc] [main] w.s.c.ServletWebServerApplicationContext : Root WebApplicationContext: initialization completed in 555 ms
2025-05-13T16:27:30.002+08:00  INFO 3468 --- [springboot-mvc] [main] o.s.b.a.w.s.WelcomePageHandlerMapping    : Adding welcome page: class path resource [static/index.html]
2025-05-13T16:27:30.146+08:00  INFO 3468 --- [springboot-mvc] [main] com.zaxxer.hikari.HikariDataSource       : HikariPool-1 - Starting...
2025-05-13T16:27:30.231+08:00  INFO 3468 --- [springboot-mvc] [main] com.zaxxer.hikari.pool.HikariPool        : HikariPool-1 - Added connection com.mysql.cj.jdbc.ConnectionImpl@372f0a99
2025-05-13T16:27:30.232+08:00  INFO 3468 --- [springboot-mvc] [main] com.zaxxer.hikari.HikariDataSource       : HikariPool-1 - Start completed.
2025-05-13T16:27:30.316+08:00  INFO 3468 --- [springboot-mvc] [main] o.s.b.w.embedded.tomcat.TomcatWebServer  : Tomcat started on port 8080 (http) with context path '/'
2025-05-13T16:27:30.320+08:00  INFO 3468 --- [springboot-mvc] [main] com.example.demo.ObservApplication       : Started ObservApplication in 1.14 seconds (process running for 1.419)
2025-05-13T16:27:35.102+08:00  INFO 3468 --- [springboot-mvc] [http-nio-8080-exec-1] o.a.c.c.C.[Tomcat].[localhost].[/]       : Initializing Spring DispatcherServlet 'dispatcherServlet'
2025-05-13T16:27:35.102+08:00  INFO 3468 --- [springboot-mvc] [http-nio-8080-exec-1] o.s.web.servlet.DispatcherServlet        : Initializing Servlet 'dispatcherServlet'
2025-05-13T16:27:35.103+08:00  INFO 3468 --- [springboot-mvc] [http-nio-8080-exec-1] o.s.web.servlet.DispatcherServlet        : Completed initialization in 1 ms
2025-05-13T16:33:13.091+08:00  INFO 3468 --- [springboot-mvc] [RMI TCP Connection(15)-127.0.0.1] inMXBeanRegistrar$SpringApplicationAdmin : Application shutdown requested.
2025-05-13T16:33:13.093+08:00  INFO 3468 --- [springboot-mvc] [RMI TCP Connection(15)-127.0.0.1] o.s.b.w.e.tomcat.GracefulShutdown        : Commencing graceful shutdown. Waiting for active requests to complete
2025-05-13T16:33:13.095+08:00  INFO 3468 --- [springboot-mvc] [tomcat-shutdown] o.s.b.w.e.tomcat.GracefulShutdown        : Graceful shutdown complete
2025-05-13T16:33:13.096+08:00  INFO 3468 --- [springboot-mvc] [RMI TCP Connection(15)-127.0.0.1] com.zaxxer.hikari.HikariDataSource       : HikariPool-1 - Shutdown initiated...
2025-05-13T16:33:13.100+08:00  INFO 3468 --- [springboot-mvc] [RMI TCP Connection(15)-127.0.0.1] com.zaxxer.hikari.HikariDataSource       : HikariPool-1 - Shutdown completed.
2025-05-13T16:33:16.105+08:00  INFO 13516 --- [springboot-mvc] [main] com.example.demo.ObservApplication       : Starting ObservApplication using Java 21.0.6 with PID 13516 (E:\Java05\Java\Java_basic\WorkSpace\Observ\target\classes started by NTPU in E:\Java05\Java\Java_basic\WorkSpace\Observ)
2025-05-13T16:33:16.106+08:00  INFO 13516 --- [springboot-mvc] [main] com.example.demo.ObservApplication       : No active profile set, falling back to 1 default profile: "default"
2025-05-13T16:33:16.395+08:00  INFO 13516 --- [springboot-mvc] [main] .s.d.r.c.RepositoryConfigurationDelegate : Bootstrapping Spring Data JDBC repositories in DEFAULT mode.
2025-05-13T16:33:16.407+08:00  INFO 13516 --- [springboot-mvc] [main] .s.d.r.c.RepositoryConfigurationDelegate : Finished Spring Data repository scanning in 9 ms. Found 0 JDBC repository interfaces.
2025-05-13T16:33:16.600+08:00  INFO 13516 --- [springboot-mvc] [main] o.s.b.w.embedded.tomcat.TomcatWebServer  : Tomcat initialized with port 8080 (http)
2025-05-13T16:33:16.608+08:00  INFO 13516 --- [springboot-mvc] [main] o.apache.catalina.core.StandardService   : Starting service [Tomcat]
2025-05-13T16:33:16.608+08:00  INFO 13516 --- [springboot-mvc] [main] o.apache.catalina.core.StandardEngine    : Starting Servlet engine: [Apache Tomcat/10.1.40]
2025-05-13T16:33:16.706+08:00  INFO 13516 --- [springboot-mvc] [main] org.apache.jasper.servlet.TldScanner     : At least one JAR was scanned for TLDs yet contained no TLDs. Enable debug logging for this logger for a complete list of JARs that were scanned but no TLDs were found in them. Skipping unneeded JARs during scanning can improve startup time and JSP compilation time.
2025-05-13T16:33:16.710+08:00  INFO 13516 --- [springboot-mvc] [main] o.a.c.c.C.[Tomcat].[localhost].[/]       : Initializing Spring embedded WebApplicationContext
2025-05-13T16:33:16.710+08:00  INFO 13516 --- [springboot-mvc] [main] w.s.c.ServletWebServerApplicationContext : Root WebApplicationContext: initialization completed in 584 ms
2025-05-13T16:33:16.765+08:00  INFO 13516 --- [springboot-mvc] [main] o.s.b.a.w.s.WelcomePageHandlerMapping    : Adding welcome page: class path resource [static/index.html]
2025-05-13T16:33:16.917+08:00  INFO 13516 --- [springboot-mvc] [main] com.zaxxer.hikari.HikariDataSource       : HikariPool-1 - Starting...
2025-05-13T16:33:17.002+08:00  INFO 13516 --- [springboot-mvc] [main] com.zaxxer.hikari.pool.HikariPool        : HikariPool-1 - Added connection com.mysql.cj.jdbc.ConnectionImpl@2a0b901c
2025-05-13T16:33:17.003+08:00  INFO 13516 --- [springboot-mvc] [main] com.zaxxer.hikari.HikariDataSource       : HikariPool-1 - Start completed.
2025-05-13T16:33:17.085+08:00  INFO 13516 --- [springboot-mvc] [main] o.s.b.w.embedded.tomcat.TomcatWebServer  : Tomcat started on port 8080 (http) with context path '/'
2025-05-13T16:33:17.089+08:00  INFO 13516 --- [springboot-mvc] [main] com.example.demo.ObservApplication       : Started ObservApplication in 1.2 seconds (process running for 1.525)
2025-05-13T16:33:22.473+08:00  INFO 13516 --- [springboot-mvc] [http-nio-8080-exec-1] o.a.c.c.C.[Tomcat].[localhost].[/]       : Initializing Spring DispatcherServlet 'dispatcherServlet'
2025-05-13T16:33:22.473+08:00  INFO 13516 --- [springboot-mvc] [http-nio-8080-exec-1] o.s.web.servlet.DispatcherServlet        : Initializing Servlet 'dispatcherServlet'
2025-05-13T16:33:22.474+08:00  INFO 13516 --- [springboot-mvc] [http-nio-8080-exec-1] o.s.web.servlet.DispatcherServlet        : Completed initialization in 1 ms
2025-05-13T16:33:36.235+08:00  WARN 13516 --- [springboot-mvc] [http-nio-8080-exec-3] .w.s.m.s.DefaultHandlerExceptionResolver : Resolved [org.springframework.web.bind.MissingServletRequestParameterException: Required request parameter 'q' for method parameter type String is not present]
2025-05-13T16:33:45.719+08:00  WARN 13516 --- [springboot-mvc] [http-nio-8080-exec-4] .w.s.m.s.DefaultHandlerExceptionResolver : Resolved [org.springframework.web.bind.MissingServletRequestParameterException: Required request parameter 'q' for method parameter type String is not present]
2025-05-13T16:41:49.847+08:00  INFO 13516 --- [springboot-mvc] [RMI TCP Connection(18)-127.0.0.1] inMXBeanRegistrar$SpringApplicationAdmin : Application shutdown requested.
2025-05-13T16:41:49.848+08:00  INFO 13516 --- [springboot-mvc] [RMI TCP Connection(18)-127.0.0.1] o.s.b.w.e.tomcat.GracefulShutdown        : Commencing graceful shutdown. Waiting for active requests to complete
2025-05-13T16:41:49.857+08:00  INFO 13516 --- [springboot-mvc] [tomcat-shutdown] o.s.b.w.e.tomcat.GracefulShutdown        : Graceful shutdown complete
2025-05-13T16:41:49.859+08:00  INFO 13516 --- [springboot-mvc] [RMI TCP Connection(18)-127.0.0.1] com.zaxxer.hikari.HikariDataSource       : HikariPool-1 - Shutdown initiated...
2025-05-13T16:41:49.862+08:00  INFO 13516 --- [springboot-mvc] [RMI TCP Connection(18)-127.0.0.1] com.zaxxer.hikari.HikariDataSource       : HikariPool-1 - Shutdown completed.
2025-05-13T16:41:51.107+08:00  INFO 6444 --- [springboot-mvc] [main] com.example.demo.ObservApplication       : Starting ObservApplication using Java 21.0.6 with PID 6444 (E:\Java05\Java\Java_basic\WorkSpace\Observ\target\classes started by NTPU in E:\Java05\Java\Java_basic\WorkSpace\Observ)
2025-05-13T16:41:51.109+08:00  INFO 6444 --- [springboot-mvc] [main] com.example.demo.ObservApplication       : No active profile set, falling back to 1 default profile: "default"
2025-05-13T16:41:51.424+08:00  INFO 6444 --- [springboot-mvc] [main] .s.d.r.c.RepositoryConfigurationDelegate : Bootstrapping Spring Data JDBC repositories in DEFAULT mode.
2025-05-13T16:41:51.442+08:00  INFO 6444 --- [springboot-mvc] [main] .s.d.r.c.RepositoryConfigurationDelegate : Finished Spring Data repository scanning in 12 ms. Found 0 JDBC repository interfaces.
2025-05-13T16:41:51.679+08:00  INFO 6444 --- [springboot-mvc] [main] o.s.b.w.embedded.tomcat.TomcatWebServer  : Tomcat initialized with port 8080 (http)
2025-05-13T16:41:51.689+08:00  INFO 6444 --- [springboot-mvc] [main] o.apache.catalina.core.StandardService   : Starting service [Tomcat]
2025-05-13T16:41:51.689+08:00  INFO 6444 --- [springboot-mvc] [main] o.apache.catalina.core.StandardEngine    : Starting Servlet engine: [Apache Tomcat/10.1.40]
2025-05-13T16:41:51.786+08:00  INFO 6444 --- [springboot-mvc] [main] org.apache.jasper.servlet.TldScanner     : At least one JAR was scanned for TLDs yet contained no TLDs. Enable debug logging for this logger for a complete list of JARs that were scanned but no TLDs were found in them. Skipping unneeded JARs during scanning can improve startup time and JSP compilation time.
2025-05-13T16:41:51.789+08:00  INFO 6444 --- [springboot-mvc] [main] o.a.c.c.C.[Tomcat].[localhost].[/]       : Initializing Spring embedded WebApplicationContext
2025-05-13T16:41:51.789+08:00  INFO 6444 --- [springboot-mvc] [main] w.s.c.ServletWebServerApplicationContext : Root WebApplicationContext: initialization completed in 652 ms
2025-05-13T16:41:51.839+08:00  INFO 6444 --- [springboot-mvc] [main] o.s.b.a.w.s.WelcomePageHandlerMapping    : Adding welcome page: class path resource [static/index.html]
2025-05-13T16:41:51.985+08:00  INFO 6444 --- [springboot-mvc] [main] com.zaxxer.hikari.HikariDataSource       : HikariPool-1 - Starting...
2025-05-13T16:41:52.070+08:00  INFO 6444 --- [springboot-mvc] [main] com.zaxxer.hikari.pool.HikariPool        : HikariPool-1 - Added connection com.mysql.cj.jdbc.ConnectionImpl@42c0a16e
2025-05-13T16:41:52.071+08:00  INFO 6444 --- [springboot-mvc] [main] com.zaxxer.hikari.HikariDataSource       : HikariPool-1 - Start completed.
2025-05-13T16:41:52.153+08:00  INFO 6444 --- [springboot-mvc] [main] o.s.b.w.embedded.tomcat.TomcatWebServer  : Tomcat started on port 8080 (http) with context path '/'
2025-05-13T16:41:52.157+08:00  INFO 6444 --- [springboot-mvc] [main] com.example.demo.ObservApplication       : Started ObservApplication in 1.275 seconds (process running for 1.612)
2025-05-13T16:41:58.837+08:00  INFO 6444 --- [springboot-mvc] [http-nio-8080-exec-1] o.a.c.c.C.[Tomcat].[localhost].[/]       : Initializing Spring DispatcherServlet 'dispatcherServlet'
2025-05-13T16:41:58.837+08:00  INFO 6444 --- [springboot-mvc] [http-nio-8080-exec-1] o.s.web.servlet.DispatcherServlet        : Initializing Servlet 'dispatcherServlet'
2025-05-13T16:41:58.838+08:00  INFO 6444 --- [springboot-mvc] [http-nio-8080-exec-1] o.s.web.servlet.DispatcherServlet        : Completed initialization in 1 ms
2025-05-13T16:42:12.383+08:00  INFO 6444 --- [springboot-mvc] [RMI TCP Connection(8)-127.0.0.1] inMXBeanRegistrar$SpringApplicationAdmin : Application shutdown requested.
2025-05-13T16:42:12.384+08:00  INFO 6444 --- [springboot-mvc] [RMI TCP Connection(8)-127.0.0.1] o.s.b.w.e.tomcat.GracefulShutdown        : Commencing graceful shutdown. Waiting for active requests to complete
2025-05-13T16:42:12.393+08:00  INFO 6444 --- [springboot-mvc] [tomcat-shutdown] o.s.b.w.e.tomcat.GracefulShutdown        : Graceful shutdown complete
2025-05-13T16:42:12.395+08:00  INFO 6444 --- [springboot-mvc] [RMI TCP Connection(8)-127.0.0.1] com.zaxxer.hikari.HikariDataSource       : HikariPool-1 - Shutdown initiated...
2025-05-13T16:42:12.399+08:00  INFO 6444 --- [springboot-mvc] [RMI TCP Connection(8)-127.0.0.1] com.zaxxer.hikari.HikariDataSource       : HikariPool-1 - Shutdown completed.
